# JRE version: Java(TM) SE Runtime Environment (8.0_45-b14) (build 1.8.0_45-b14)
# Java VM: Java HotSpot(TM) 64-Bit Server VM (25.45-b02 mixed mode windows-amd64 compressed oops)
Heap:
 PSYoungGen      total 600064K, used 36903K [0x00000000d5f00000, 0x00000000fd100000, 0x0000000100000000)
  eden space 575488K, 3% used [0x00000000d5f00000,0x00000000d708c720,0x00000000f9100000)
  from space 24576K, 77% used [0x00000000fb900000,0x00000000fcb7d7b8,0x00000000fd100000)
  to   space 32768K, 0% used [0x00000000f9100000,0x00000000f9100000,0x00000000fb100000)
 ParOldGen       total 148480K, used 88854K [0x0000000081c00000, 0x000000008ad00000, 0x00000000d5f00000)
  object space 148480K, 59% used [0x0000000081c00000,0x00000000872c5988,0x000000008ad00000)
 Metaspace       used 90627K, capacity 91916K, committed 92288K, reserved 1130496K
  class space    used 10807K, capacity 11072K, committed 11136K, reserved 1048576K
GC Heap History (10 events):
Event: 156.116 GC heap before
{Heap before GC invocations=15 (full 2):
 PSYoungGen      total 338944K, used 47030K [0x00000000d5f00000, 0x00000000ecf80000, 0x0000000100000000)
  eden space 316416K, 10% used [0x00000000d5f00000,0x00000000d7fe2c60,0x00000000e9400000)
  from space 22528K, 59% used [0x00000000eaa00000,0x00000000eb70abd0,0x00000000ec000000)
  to   space 22528K, 0% used [0x00000000e9400000,0x00000000e9400000,0x00000000eaa00000)
 ParOldGen       total 91648K, used 51064K [0x0000000081c00000, 0x0000000087580000, 0x00000000d5f00000)
  object space 91648K, 55% used [0x0000000081c00000,0x0000000084dde1c0,0x0000000087580000)
 Metaspace       used 58388K, capacity 59050K, committed 59160K, reserved 1101824K
  class space    used 7088K, capacity 7257K, committed 7296K, reserved 1048576K
Event: 156.149 GC heap after
Heap after GC invocations=15 (full 2):
 PSYoungGen      total 338944K, used 12030K [0x00000000d5f00000, 0x00000000f2c80000, 0x0000000100000000)
  eden space 316416K, 0% used [0x00000000d5f00000,0x00000000d5f00000,0x00000000e9400000)
  from space 22528K, 53% used [0x00000000e9400000,0x00000000e9fbfac8,0x00000000eaa00000)
  to   space 21504K, 0% used [0x00000000f1780000,0x00000000f1780000,0x00000000f2c80000)
 ParOldGen       total 91648K, used 51064K [0x0000000081c00000, 0x0000000087580000, 0x00000000d5f00000)
  object space 91648K, 55% used [0x0000000081c00000,0x0000000084dde1c0,0x0000000087580000)
 Metaspace       used 58388K, capacity 59050K, committed 59160K, reserved 1101824K
  class space    used 7088K, capacity 7257K, committed 7296K, reserved 1048576K
}
Event: 156.149 GC heap before
{Heap before GC invocations=16 (full 3):
 PSYoungGen      total 338944K, used 12030K [0x00000000d5f00000, 0x00000000f2c80000, 0x0000000100000000)
  eden space 316416K, 0% used [0x00000000d5f00000,0x00000000d5f00000,0x00000000e9400000)
  from space 22528K, 53% used [0x00000000e9400000,0x00000000e9fbfac8,0x00000000eaa00000)
  to   space 21504K, 0% used [0x00000000f1780000,0x00000000f1780000,0x00000000f2c80000)
 ParOldGen       total 91648K, used 51064K [0x0000000081c00000, 0x0000000087580000, 0x00000000d5f00000)
  object space 91648K, 55% used [0x0000000081c00000,0x0000000084dde1c0,0x0000000087580000)
 Metaspace       used 58388K, capacity 59050K, committed 59160K, reserved 1101824K
  class space    used 7088K, capacity 7257K, committed 7296K, reserved 1048576K
Event: 156.524 GC heap after
Heap after GC invocations=16 (full 3):
 PSYoungGen      total 338944K, used 0K [0x00000000d5f00000, 0x00000000f2c80000, 0x0000000100000000)
  eden space 316416K, 0% used [0x00000000d5f00000,0x00000000d5f00000,0x00000000e9400000)
  from space 22528K, 0% used [0x00000000e9400000,0x00000000e9400000,0x00000000eaa00000)
  to   space 21504K, 0% used [0x00000000f1780000,0x00000000f1780000,0x00000000f2c80000)
 ParOldGen       total 148480K, used 51837K [0x0000000081c00000, 0x000000008ad00000, 0x00000000d5f00000)
  object space 148480K, 34% used [0x0000000081c00000,0x0000000084e9f400,0x000000008ad00000)
 Metaspace       used 58388K, capacity 59050K, committed 59160K, reserved 1101824K
  class space    used 7088K, capacity 7257K, committed 7296K, reserved 1048576K
}
Event: 160.272 GC heap before
{Heap before GC invocations=17 (full 3):
 PSYoungGen      total 338944K, used 316416K [0x00000000d5f00000, 0x00000000f2c80000, 0x0000000100000000)
  eden space 316416K, 100% used [0x00000000d5f00000,0x00000000e9400000,0x00000000e9400000)
  from space 22528K, 0% used [0x00000000e9400000,0x00000000e9400000,0x00000000eaa00000)
  to   space 21504K, 0% used [0x00000000f1780000,0x00000000f1780000,0x00000000f2c80000)
 ParOldGen       total 148480K, used 51837K [0x0000000081c00000, 0x000000008ad00000, 0x00000000d5f00000)
  object space 148480K, 34% used [0x0000000081c00000,0x0000000084e9f400,0x000000008ad00000)
 Metaspace       used 65290K, capacity 66128K, committed 66304K, reserved 1107968K
  class space    used 7925K, capacity 8138K, committed 8192K, reserved 1048576K
Event: 160.319 GC heap after
Heap after GC invocations=17 (full 3):
 PSYoungGen      total 450048K, used 16075K [0x00000000d5f00000, 0x00000000f3600000, 0x0000000100000000)
  eden space 428544K, 0% used [0x00000000d5f00000,0x00000000d5f00000,0x00000000f0180000)
  from space 21504K, 74% used [0x00000000f1780000,0x00000000f2732ea8,0x00000000f2c80000)
  to   space 22528K, 0% used [0x00000000f0180000,0x00000000f0180000,0x00000000f1780000)
 ParOldGen       total 148480K, used 51845K [0x0000000081c00000, 0x000000008ad00000, 0x00000000d5f00000)
  object space 148480K, 34% used [0x0000000081c00000,0x0000000084ea1400,0x000000008ad00000)
 Metaspace       used 65290K, capacity 66128K, committed 66304K, reserved 1107968K
  class space    used 7925K, capacity 8138K, committed 8192K, reserved 1048576K
}
Event: 165.677 GC heap before
{Heap before GC invocations=18 (full 3):
 PSYoungGen      total 450048K, used 444619K [0x00000000d5f00000, 0x00000000f3600000, 0x0000000100000000)
  eden space 428544K, 100% used [0x00000000d5f00000,0x00000000f0180000,0x00000000f0180000)
  from space 21504K, 74% used [0x00000000f1780000,0x00000000f2732ea8,0x00000000f2c80000)
  to   space 22528K, 0% used [0x00000000f0180000,0x00000000f0180000,0x00000000f1780000)
 ParOldGen       total 148480K, used 51845K [0x0000000081c00000, 0x000000008ad00000, 0x00000000d5f00000)
  object space 148480K, 34% used [0x0000000081c00000,0x0000000084ea1400,0x000000008ad00000)
 Metaspace       used 81714K, capacity 82862K, committed 83200K, reserved 1122304K
  class space    used 9682K, capacity 9917K, committed 9984K, reserved 1048576K
Event: 165.739 GC heap after
Heap after GC invocations=18 (full 3):
 PSYoungGen      total 451072K, used 22507K [0x00000000d5f00000, 0x00000000fd900000, 0x0000000100000000)
  eden space 428544K, 0% used [0x00000000d5f00000,0x00000000d5f00000,0x00000000f0180000)
  from space 22528K, 99% used [0x00000000f0180000,0x00000000f177afe0,0x00000000f1780000)
  to   space 32768K, 0% used [0x00000000fb900000,0x00000000fb900000,0x00000000fd900000)
 ParOldGen       total 148480K, used 71024K [0x0000000081c00000, 0x000000008ad00000, 0x00000000d5f00000)
  object space 148480K, 47% used [0x0000000081c00000,0x000000008615c248,0x000000008ad00000)
 Metaspace       used 81714K, capacity 82862K, committed 83200K, reserved 1122304K
  class space    used 9682K, capacity 9917K, committed 9984K, reserved 1048576K
}
Event: 1462.569 GC heap before
{Heap before GC invocations=19 (full 3):
 PSYoungGen      total 451072K, used 451051K [0x00000000d5f00000, 0x00000000fd900000, 0x0000000100000000)
  eden space 428544K, 100% used [0x00000000d5f00000,0x00000000f0180000,0x00000000f0180000)
  from space 22528K, 99% used [0x00000000f0180000,0x00000000f177afe0,0x00000000f1780000)
  to   space 32768K, 0% used [0x00000000fb900000,0x00000000fb900000,0x00000000fd900000)
 ParOldGen       total 148480K, used 71024K [0x0000000081c00000, 0x000000008ad00000, 0x00000000d5f00000)
  object space 148480K, 47% used [0x0000000081c00000,0x000000008615c248,0x000000008ad00000)
 Metaspace       used 90522K, capacity 91852K, committed 92288K, reserved 1130496K
  class space    used 10802K, capacity 11072K, committed 11136K, reserved 1048576K
Event: 1476.948 GC heap after
Heap after GC invocations=19 (full 3):
 PSYoungGen      total 600064K, used 18933K [0x00000000d5f00000, 0x00000000fd100000, 0x0000000100000000)
  eden space 575488K, 0% used [0x00000000d5f00000,0x00000000d5f00000,0x00000000f9100000)
  from space 24576K, 77% used [0x00000000fb900000,0x00000000fcb7d7b8,0x00000000fd100000)
  to   space 32768K, 0% used [0x00000000f9100000,0x00000000f9100000,0x00000000fb100000)
 ParOldGen       total 148480K, used 88854K [0x0000000081c00000, 0x000000008ad00000, 0x00000000d5f00000)
  object space 148480K, 59% used [0x0000000081c00000,0x00000000872c5988,0x000000008ad00000)
 Metaspace       used 90522K, capacity 91852K, committed 92288K, reserved 1130496K
  class space    used 10802K, capacity 11072K, committed 11136K, reserved 1048576K
}

