# JRE version: Java(TM) SE Runtime Environment (8.0_45-b14) (build 1.8.0_45-b14)
# Java VM: Java HotSpot(TM) 64-Bit Server VM (25.45-b02 mixed mode windows-amd64 compressed oops)
Heap:
 PSYoungGen      total 520704K, used 385508K [0x00000000d5f00000, 0x00000000f9300000, 0x0000000100000000)
  eden space 495616K, 72% used [0x00000000d5f00000,0x00000000ebefd490,0x00000000f4300000)
  from space 25088K, 99% used [0x00000000f6500000,0x00000000f7d7bf00,0x00000000f7d80000)
  to   space 34816K, 0% used [0x00000000f4300000,0x00000000f4300000,0x00000000f6500000)
 ParOldGen       total 144384K, used 70600K [0x0000000081c00000, 0x000000008a900000, 0x00000000d5f00000)
  object space 144384K, 48% used [0x0000000081c00000,0x00000000860f2048,0x000000008a900000)
 Metaspace       used 90431K, capacity 91686K, committed 92288K, reserved 1130496K
  class space    used 10834K, capacity 11091K, committed 11136K, reserved 1048576K
GC Heap History (10 events):
Event: 208.475 GC heap before
{Heap before GC invocations=13 (full 2):
 PSYoungGen      total 313856K, used 313849K [0x00000000d5f00000, 0x00000000eb600000, 0x0000000100000000)
  eden space 301056K, 100% used [0x00000000d5f00000,0x00000000e8500000,0x00000000e8500000)
  from space 12800K, 99% used [0x00000000ea980000,0x00000000eb5fe7a8,0x00000000eb600000)
  to   space 16896K, 0% used [0x00000000e9500000,0x00000000e9500000,0x00000000ea580000)
 ParOldGen       total 81920K, used 26095K [0x0000000081c00000, 0x0000000086c00000, 0x00000000d5f00000)
  object space 81920K, 31% used [0x0000000081c00000,0x000000008357bd18,0x0000000086c00000)
 Metaspace       used 52527K, capacity 53068K, committed 53504K, reserved 1095680K
  class space    used 6444K, capacity 6568K, committed 6656K, reserved 1048576K
Event: 208.534 GC heap after
Heap after GC invocations=13 (full 2):
 PSYoungGen      total 334336K, used 16890K [0x00000000d5f00000, 0x00000000f0680000, 0x0000000100000000)
  eden space 317440K, 0% used [0x00000000d5f00000,0x00000000d5f00000,0x00000000e9500000)
  from space 16896K, 99% used [0x00000000e9500000,0x00000000ea57e828,0x00000000ea580000)
  to   space 24064K, 0% used [0x00000000eef00000,0x00000000eef00000,0x00000000f0680000)
 ParOldGen       total 81920K, used 38850K [0x0000000081c00000, 0x0000000086c00000, 0x00000000d5f00000)
  object space 81920K, 47% used [0x0000000081c00000,0x00000000841f0878,0x0000000086c00000)
 Metaspace       used 52527K, capacity 53068K, committed 53504K, reserved 1095680K
  class space    used 6444K, capacity 6568K, committed 6656K, reserved 1048576K
}
Event: 214.612 GC heap before
{Heap before GC invocations=14 (full 2):
 PSYoungGen      total 334336K, used 275161K [0x00000000d5f00000, 0x00000000f0680000, 0x0000000100000000)
  eden space 317440K, 81% used [0x00000000d5f00000,0x00000000e5b37fb0,0x00000000e9500000)
  from space 16896K, 99% used [0x00000000e9500000,0x00000000ea57e828,0x00000000ea580000)
  to   space 24064K, 0% used [0x00000000eef00000,0x00000000eef00000,0x00000000f0680000)
 ParOldGen       total 81920K, used 38850K [0x0000000081c00000, 0x0000000086c00000, 0x00000000d5f00000)
  object space 81920K, 47% used [0x0000000081c00000,0x00000000841f0878,0x0000000086c00000)
 Metaspace       used 58267K, capacity 58898K, committed 59160K, reserved 1101824K
  class space    used 7076K, capacity 7225K, committed 7296K, reserved 1048576K
Event: 214.667 GC heap after
Heap after GC invocations=14 (full 2):
 PSYoungGen      total 410112K, used 12802K [0x00000000d5f00000, 0x00000000f1b80000, 0x0000000100000000)
  eden space 386048K, 0% used [0x00000000d5f00000,0x00000000d5f00000,0x00000000ed800000)
  from space 24064K, 53% used [0x00000000eef00000,0x00000000efb80a30,0x00000000f0680000)
  to   space 23552K, 0% used [0x00000000ed800000,0x00000000ed800000,0x00000000eef00000)
 ParOldGen       total 81920K, used 55163K [0x0000000081c00000, 0x0000000086c00000, 0x00000000d5f00000)
  object space 81920K, 67% used [0x0000000081c00000,0x00000000851ded70,0x0000000086c00000)
 Metaspace       used 58267K, capacity 58898K, committed 59160K, reserved 1101824K
  class space    used 7076K, capacity 7225K, committed 7296K, reserved 1048576K
}
Event: 214.667 GC heap before
{Heap before GC invocations=15 (full 3):
 PSYoungGen      total 410112K, used 12802K [0x00000000d5f00000, 0x00000000f1b80000, 0x0000000100000000)
  eden space 386048K, 0% used [0x00000000d5f00000,0x00000000d5f00000,0x00000000ed800000)
  from space 24064K, 53% used [0x00000000eef00000,0x00000000efb80a30,0x00000000f0680000)
  to   space 23552K, 0% used [0x00000000ed800000,0x00000000ed800000,0x00000000eef00000)
 ParOldGen       total 81920K, used 55163K [0x0000000081c00000, 0x0000000086c00000, 0x00000000d5f00000)
  object space 81920K, 67% used [0x0000000081c00000,0x00000000851ded70,0x0000000086c00000)
 Metaspace       used 58267K, capacity 58898K, committed 59160K, reserved 1101824K
  class space    used 7076K, capacity 7225K, committed 7296K, reserved 1048576K
Event: 215.109 GC heap after
Heap after GC invocations=15 (full 3):
 PSYoungGen      total 410112K, used 0K [0x00000000d5f00000, 0x00000000f1b80000, 0x0000000100000000)
  eden space 386048K, 0% used [0x00000000d5f00000,0x00000000d5f00000,0x00000000ed800000)
  from space 24064K, 0% used [0x00000000eef00000,0x00000000eef00000,0x00000000f0680000)
  to   space 23552K, 0% used [0x00000000ed800000,0x00000000ed800000,0x00000000eef00000)
 ParOldGen       total 144384K, used 54411K [0x0000000081c00000, 0x000000008a900000, 0x00000000d5f00000)
  object space 144384K, 37% used [0x0000000081c00000,0x0000000085122d80,0x000000008a900000)
 Metaspace       used 58267K, capacity 58898K, committed 59160K, reserved 1101824K
  class space    used 7076K, capacity 7225K, committed 7296K, reserved 1048576K
}
Event: 220.676 GC heap before
{Heap before GC invocations=16 (full 3):
 PSYoungGen      total 410112K, used 386048K [0x00000000d5f00000, 0x00000000f1b80000, 0x0000000100000000)
  eden space 386048K, 100% used [0x00000000d5f00000,0x00000000ed800000,0x00000000ed800000)
  from space 24064K, 0% used [0x00000000eef00000,0x00000000eef00000,0x00000000f0680000)
  to   space 23552K, 0% used [0x00000000ed800000,0x00000000ed800000,0x00000000eef00000)
 ParOldGen       total 144384K, used 54411K [0x0000000081c00000, 0x000000008a900000, 0x00000000d5f00000)
  object space 144384K, 37% used [0x0000000081c00000,0x0000000085122d80,0x000000008a900000)
 Metaspace       used 67002K, capacity 67882K, committed 68096K, reserved 1110016K
  class space    used 8185K, capacity 8397K, committed 8448K, reserved 1048576K
Event: 220.701 GC heap after
Heap after GC invocations=16 (full 3):
 PSYoungGen      total 409600K, used 19145K [0x00000000d5f00000, 0x00000000f7d80000, 0x0000000100000000)
  eden space 386048K, 0% used [0x00000000d5f00000,0x00000000d5f00000,0x00000000ed800000)
  from space 23552K, 81% used [0x00000000ed800000,0x00000000eeab25f8,0x00000000eef00000)
  to   space 25088K, 0% used [0x00000000f6500000,0x00000000f6500000,0x00000000f7d80000)
 ParOldGen       total 144384K, used 54419K [0x0000000081c00000, 0x000000008a900000, 0x00000000d5f00000)
  object space 144384K, 37% used [0x0000000081c00000,0x0000000085124d80,0x000000008a900000)
 Metaspace       used 67002K, capacity 67882K, committed 68096K, reserved 1110016K
  class space    used 8185K, capacity 8397K, committed 8448K, reserved 1048576K
}
Event: 227.410 GC heap before
{Heap before GC invocations=17 (full 3):
 PSYoungGen      total 409600K, used 405193K [0x00000000d5f00000, 0x00000000f7d80000, 0x0000000100000000)
  eden space 386048K, 100% used [0x00000000d5f00000,0x00000000ed800000,0x00000000ed800000)
  from space 23552K, 81% used [0x00000000ed800000,0x00000000eeab25f8,0x00000000eef00000)
  to   space 25088K, 0% used [0x00000000f6500000,0x00000000f6500000,0x00000000f7d80000)
 ParOldGen       total 144384K, used 54419K [0x0000000081c00000, 0x000000008a900000, 0x00000000d5f00000)
  object space 144384K, 37% used [0x0000000081c00000,0x0000000085124d80,0x000000008a900000)
 Metaspace       used 81889K, capacity 83036K, committed 83456K, reserved 1122304K
  class space    used 9716K, capacity 9950K, committed 9984K, reserved 1048576K
Event: 227.468 GC heap after
Heap after GC invocations=17 (full 3):
 PSYoungGen      total 520704K, used 25071K [0x00000000d5f00000, 0x00000000f9300000, 0x0000000100000000)
  eden space 495616K, 0% used [0x00000000d5f00000,0x00000000d5f00000,0x00000000f4300000)
  from space 25088K, 99% used [0x00000000f6500000,0x00000000f7d7bf00,0x00000000f7d80000)
  to   space 34816K, 0% used [0x00000000f4300000,0x00000000f4300000,0x00000000f6500000)
 ParOldGen       total 144384K, used 70600K [0x0000000081c00000, 0x000000008a900000, 0x00000000d5f00000)
  object space 144384K, 48% used [0x0000000081c00000,0x00000000860f2048,0x000000008a900000)
 Metaspace       used 81889K, capacity 83036K, committed 83456K, reserved 1122304K
  class space    used 9716K, capacity 9950K, committed 9984K, reserved 1048576K
}

